<?xml version="1.0" encoding="UTF-8"?>
<!-- Generated by org.testng.reporters.JUnitReportReporter -->
<testsuite hostname="Ammars-MacBook-Air.local" failures="0" tests="4" name="testcases.getFlights" time="7.026" errors="0" timestamp="2024-01-19T01:26:19 EET" skipped="0">
  <testcase classname="testcases.getFlights" name="getNulldataFlights" time="0.358"/>
  <system-out/>
  <testcase classname="testcases.getFlights" name="getInvaliddatesFlights" time="0.411"/>
  <system-out/>
  <testcase classname="testcases.getFlights" name="getValidFlight" time="3.342"/>
  <system-out/>
  <testcase classname="testcases.getFlights" name="getInvalidDesetnationFlights" time="2.915"/>
  <system-out/>
</testsuite> <!-- testcases.getFlights -->
