<?xml version="1.0" encoding="UTF-8"?>
<!-- Generated by org.testng.reporters.JUnitReportReporter -->
<testsuite hostname="Ammars-MacBook-Air.local" failures="0" tests="3" name="testcases.postSearchHotels" time="4.752" errors="0" timestamp="2024-01-19T11:21:33 EET" skipped="0">
  <testcase classname="testcases.postSearchHotels" name="invalidCase_CheckOutbeforIn" time="3.218"/>
  <system-out/>
  <testcase classname="testcases.postSearchHotels" name="validateidentifier" time="1.099"/>
  <system-out/>
  <testcase classname="testcases.postSearchHotels" name="nullDates" time="0.435"/>
  <system-out/>
</testsuite> <!-- testcases.postSearchHotels -->
